entity worldspawn unknown item
entity func_breakable unknown item
entity func_breakable unknown item
entity func_breakable unknown item
entity func_breakable unknown item
entity target_location unknown item
entity target_location unknown item
entity target_location unknown item
entity target_location unknown item
entity target_location unknown item
entity target_location unknown item
entity info_ut_spawn unknown item
entity info_ut_spawn unknown item
entity info_ut_spawn unknown item
entity info_ut_spawn unknown item
entity info_ut_spawn unknown item
entity info_ut_spawn unknown item
entity func_breakable unknown item
entity target_speaker unknown item
entity target_location unknown item
entity target_location unknown item
entity target_location unknown item
entity target_location unknown item
entity target_location unknown item
entity target_location unknown item
entity target_location unknown item
entity target_location unknown item
entity target_location unknown item
entity info_ut_spawn unknown item
entity info_ut_spawn unknown item
entity info_ut_spawn unknown item
entity info_ut_spawn unknown item
entity info_ut_spawn unknown item
entity info_ut_spawn unknown item
entity info_ut_spawn unknown item
entity info_ut_spawn unknown item
entity info_ut_spawn unknown item
entity info_ut_spawn unknown item
entity info_ut_spawn unknown item
entity info_ut_spawn unknown item
entity target_speaker unknown item
entity target_speaker unknown item
entity target_speaker unknown item
entity target_speaker unknown item
entity target_speaker unknown item
entity target_speaker unknown item
entity target_speaker unknown item
entity target_speaker unknown item
entity target_speaker unknown item
entity target_speaker unknown item
entity target_speaker unknown item
entity target_speaker unknown item
entity target_speaker unknown item
entity info_player_deathmatch unknown item
entity info_player_deathmatch unknown item
entity info_player_deathmatch unknown item
entity info_player_deathmatch unknown item
entity info_player_deathmatch unknown item
entity info_player_deathmatch unknown item
entity info_player_deathmatch unknown item
entity info_player_deathmatch unknown item
entity info_player_deathmatch unknown item
entity info_player_deathmatch unknown item
entity info_player_deathmatch unknown item
entity info_player_deathmatch unknown item
entity info_player_deathmatch unknown item
entity info_player_deathmatch unknown item
entity info_player_deathmatch unknown item
entity info_player_deathmatch unknown item
entity target_location unknown item
entity target_location unknown item
entity info_ut_spawn unknown item
entity info_ut_spawn unknown item
entity info_ut_spawn unknown item
entity info_ut_spawn unknown item
entity info_ut_spawn unknown item
entity info_ut_spawn unknown item
entity info_ut_spawn unknown item
entity info_ut_spawn unknown item
entity info_ut_spawn unknown item
entity info_ut_spawn unknown item
entity info_ut_spawn unknown item
entity info_ut_spawn unknown item
entity info_ut_spawn unknown item
entity info_player_deathmatch unknown item
entity func_breakable unknown item
entity func_breakable unknown item
entity target_location unknown item
entity func_breakable unknown item
entity info_ut_bombsite unknown item
entity info_ut_bombsite unknown item
item info 17 "team_CTF_neutralflag" has no fuzzy weight
item info 17 "team_CTF_neutralflag" has no fuzzy weight
item info 17 "team_CTF_neutralflag" has no fuzzy weight
item info 17 "team_CTF_neutralflag" has no fuzzy weight
